0 info it worked if it ends with ok
1 verbose cli [ '/usr/bin/node',
1 verbose cli   '/usr/bin/npm',
1 verbose cli   'run',
1 verbose cli   'start',
1 verbose cli   '978-85-216-2146-1',
1 verbose cli   'Inteligência_Artificial_Uma_Abordagem_de_Aprendizado_de_Máquina',
1 verbose cli   'a224731971@fumec.edu.br',
1 verbose cli   '224731971' ]
2 info using npm@4.1.2
3 info using node@v7.4.0
4 verbose run-script [ 'prestart', 'start', 'poststart' ]
5 info lifecycle crawlerbiblioteca@1.0.0~prestart: crawlerbiblioteca@1.0.0
6 silly lifecycle crawlerbiblioteca@1.0.0~prestart: no script for prestart, continuing
7 info lifecycle crawlerbiblioteca@1.0.0~start: crawlerbiblioteca@1.0.0
8 verbose lifecycle crawlerbiblioteca@1.0.0~start: unsafe-perm in lifecycle true
9 verbose lifecycle crawlerbiblioteca@1.0.0~start: PATH: /usr/lib/node_modules/npm/bin/node-gyp-bin:/run/media/thaka/Backup/Empresa/Projetos/lab/bibliotecaFumec/node_modules/.bin:/usr/local/sbin:/usr/local/bin:/usr/bin:/usr/lib/jvm/default/bin:/usr/bin/site_perl:/usr/bin/vendor_perl:/usr/bin/core_perl
10 verbose lifecycle crawlerbiblioteca@1.0.0~start: CWD: /run/media/thaka/Backup/Empresa/Projetos/lab/bibliotecaFumec
11 silly lifecycle crawlerbiblioteca@1.0.0~start: Args: [ '-c',
11 silly lifecycle   'babel-node index.js "978-85-216-2146-1" "Inteligência_Artificial_Uma_Abordagem_de_Aprendizado_de_Máquina" "a224731971@fumec.edu.br" "224731971"' ]
12 silly lifecycle crawlerbiblioteca@1.0.0~start: Returned: code: 1  signal: null
13 info lifecycle crawlerbiblioteca@1.0.0~start: Failed to exec start script
14 verbose stack Error: crawlerbiblioteca@1.0.0 start: `babel-node index.js "978-85-216-2146-1" "Inteligência_Artificial_Uma_Abordagem_de_Aprendizado_de_Máquina" "a224731971@fumec.edu.br" "224731971"`
14 verbose stack Exit status 1
14 verbose stack     at EventEmitter.<anonymous> (/usr/lib/node_modules/npm/lib/utils/lifecycle.js:279:16)
14 verbose stack     at emitTwo (events.js:106:13)
14 verbose stack     at EventEmitter.emit (events.js:191:7)
14 verbose stack     at ChildProcess.<anonymous> (/usr/lib/node_modules/npm/lib/utils/spawn.js:40:14)
14 verbose stack     at emitTwo (events.js:106:13)
14 verbose stack     at ChildProcess.emit (events.js:191:7)
14 verbose stack     at maybeClose (internal/child_process.js:885:16)
14 verbose stack     at Process.ChildProcess._handle.onexit (internal/child_process.js:226:5)
15 verbose pkgid crawlerbiblioteca@1.0.0
16 verbose cwd /run/media/thaka/Backup/Empresa/Projetos/lab/bibliotecaFumec
17 error Linux 4.8.17-1-MANJARO
18 error argv "/usr/bin/node" "/usr/bin/npm" "run" "start" "978-85-216-2146-1" "Inteligência_Artificial_Uma_Abordagem_de_Aprendizado_de_Máquina" "a224731971@fumec.edu.br" "224731971"
19 error node v7.4.0
20 error npm  v4.1.2
21 error code ELIFECYCLE
22 error crawlerbiblioteca@1.0.0 start: `babel-node index.js "978-85-216-2146-1" "Inteligência_Artificial_Uma_Abordagem_de_Aprendizado_de_Máquina" "a224731971@fumec.edu.br" "224731971"`
22 error Exit status 1
23 error Failed at the crawlerbiblioteca@1.0.0 start script 'babel-node index.js "978-85-216-2146-1" "Inteligência_Artificial_Uma_Abordagem_de_Aprendizado_de_Máquina" "a224731971@fumec.edu.br" "224731971"'.
23 error Make sure you have the latest version of node.js and npm installed.
23 error If you do, this is most likely a problem with the crawlerbiblioteca package,
23 error not with npm itself.
23 error Tell the author that this fails on your system:
23 error     babel-node index.js "978-85-216-2146-1" "Inteligência_Artificial_Uma_Abordagem_de_Aprendizado_de_Máquina" "a224731971@fumec.edu.br" "224731971"
23 error You can get information on how to open an issue for this project with:
23 error     npm bugs crawlerbiblioteca
23 error Or if that isn't available, you can get their info via:
23 error     npm owner ls crawlerbiblioteca
23 error There is likely additional logging output above.
24 verbose exit [ 1, true ]
